<?xml version="1.0" encoding="UTF-8"?>
<testsuite name="QiniuFileStorageTest" tests="1" skipped="0" failures="0" errors="0" timestamp="2021-11-12T07:31:56" hostname="taoxianshengdeMacBook-Air.local" time="3.275">
  <properties/>
  <testcase name="removeFile" classname="QiniuFileStorageTest" time="3.275"/>
  <system-out><![CDATA[
  .   ____          _            __ _ _
 /\\ / ___'_ __ _ _(_)_ __  __ _ \ \ \ \
( ( )\___ | '_ | '_| | '_ \/ _` | \ \ \ \
 \\/  ___)| |_)| | | | | || (_| |  ) ) ) )
  '  |____| .__|_| |_|_| |_\__, | / / / /
 =========|_|==============|___/=/_/_/_/
 :: Spring Boot ::                (v2.5.5)

false
]]></system-out>
  <system-err><![CDATA[[Test worker] INFO QiniuFileStorageTest - Starting QiniuFileStorageTest using Java 1.8.0_251 on taoxianshengdeMacBook-Air.local with PID 87690 (started by taoxiansheng in /Users/taoxiansheng/IdeaProjects/qiniu-oss.storage/qiniufs)
[Test worker] INFO QiniuFileStorageTest - No active profile set, falling back to default profiles: default
[Test worker] INFO io.jmix.core.JmixModulesProcessor - Using Jmix modules: [io.jmix.core, cn.jmix.qiniufs, test_support]
[Test worker] INFO io.jmix.core.impl.scanning.JmixModulesClasspathScanner - Classpath scan completed in 93 ms
[Test worker] INFO io.jmix.core.impl.MetadataLoader - Metadata initialized in 102 ms
[Test worker] WARN io.jmix.core.metamodel.datatype.impl.FormatStringsLoader - Localized format strings are not defined for en
[Test worker] INFO QiniuFileStorageTest - Started QiniuFileStorageTest in 8.496 seconds (JVM running for 12.987)
com.qiniu.common.QiniuException: GET https://rs-z1.qbox.me/stat/c2otam1peDoyMDIxLzExLzEyLzU4M2ZhMjU5LTg0OGUtMGFkMy04ODg4LTdkNmJlNmU2ZjIwMy50eHQ=  
{ResponseInfo:com.qiniu.http.Response@249a45fd,status:612, reqId:_9sAAACbq4wWvLYW, xlog:-, xvia:, adress:rs-z1.qbox.me/106.120.184.147:443, duration:0.248000 s, error:no such file or directory}  
{"error":"no such file or directory"}
	at com.qiniu.http.Client.send(Client.java:409)
	at com.qiniu.http.Client.get(Client.java:182)
	at com.qiniu.storage.BucketManager.get(BucketManager.java:1083)
	at com.qiniu.storage.BucketManager.rsGet(BucketManager.java:1067)
	at com.qiniu.storage.BucketManager.statResponse(BucketManager.java:278)
	at com.qiniu.storage.BucketManager.stat(BucketManager.java:271)
	at cn.jmix.qiniufs.QiniuFileStorage.fileExists(QiniuFileStorage.java:189)
	at io.jmix.core.FileStorage$fileExists$1.call(Unknown Source)
	at org.codehaus.groovy.runtime.callsite.CallSiteArray.defaultCall(CallSiteArray.java:47)
	at org.codehaus.groovy.runtime.callsite.AbstractCallSite.call(AbstractCallSite.java:125)
	at org.codehaus.groovy.runtime.callsite.AbstractCallSite.call(AbstractCallSite.java:139)
	at QiniuFileStorageTest.$spock_feature_0_2(QiniuFileStorageTest.groovy:57)
	at sun.reflect.NativeMethodAccessorImpl.invoke0(Native Method)
	at sun.reflect.NativeMethodAccessorImpl.invoke(NativeMethodAccessorImpl.java:62)
	at sun.reflect.DelegatingMethodAccessorImpl.invoke(DelegatingMethodAccessorImpl.java:43)
	at java.lang.reflect.Method.invoke(Method.java:498)
	at org.spockframework.util.ReflectionUtil.invokeMethod(ReflectionUtil.java:198)
	at org.spockframework.runtime.model.MethodInfo.lambda$new$0(MethodInfo.java:47)
	at org.spockframework.runtime.model.MethodInfo.invoke(MethodInfo.java:148)
	at org.spockframework.runtime.PlatformSpecRunner.invokeRaw(PlatformSpecRunner.java:409)
	at org.spockframework.runtime.PlatformSpecRunner.invoke(PlatformSpecRunner.java:392)
	at org.spockframework.runtime.PlatformSpecRunner.runFeatureMethod(PlatformSpecRunner.java:326)
	at org.spockframework.runtime.IterationNode.execute(IterationNode.java:48)
	at org.spockframework.runtime.SimpleFeatureNode.execute(SimpleFeatureNode.java:58)
	at org.spockframework.runtime.SimpleFeatureNode.execute(SimpleFeatureNode.java:15)
	at org.junit.platform.engine.support.hierarchical.NodeTestTask.lambda$executeRecursively$5(NodeTestTask.java:139)
	at org.junit.platform.engine.support.hierarchical.ThrowableCollector.execute(ThrowableCollector.java:73)
	at org.junit.platform.engine.support.hierarchical.NodeTestTask.lambda$executeRecursively$7(NodeTestTask.java:129)
	at org.spockframework.runtime.SpockNode.sneakyInvoke(SpockNode.java:40)
	at org.spockframework.runtime.IterationNode.lambda$around$0(IterationNode.java:63)
	at org.spockframework.runtime.PlatformSpecRunner.lambda$createMethodInfoForDoRunIteration$5(PlatformSpecRunner.java:238)
	at org.spockframework.runtime.model.MethodInfo.invoke(MethodInfo.java:148)
	at org.spockframework.runtime.PlatformSpecRunner.invokeRaw(PlatformSpecRunner.java:409)
	at org.spockframework.runtime.PlatformSpecRunner.invoke(PlatformSpecRunner.java:392)
	at org.spockframework.runtime.PlatformSpecRunner.runIteration(PlatformSpecRunner.java:220)
	at org.spockframework.runtime.IterationNode.around(IterationNode.java:63)
	at org.spockframework.runtime.SimpleFeatureNode.lambda$around$0(SimpleFeatureNode.java:52)
	at org.spockframework.runtime.SpockNode.sneakyInvoke(SpockNode.java:40)
	at org.spockframework.runtime.FeatureNode.lambda$around$0(FeatureNode.java:29)
	at org.spockframework.runtime.PlatformSpecRunner.lambda$createMethodInfoForDoRunFeature$4(PlatformSpecRunner.java:201)
	at org.spockframework.runtime.model.MethodInfo.invoke(MethodInfo.java:148)
	at org.spockframework.runtime.PlatformSpecRunner.invokeRaw(PlatformSpecRunner.java:409)
	at org.spockframework.runtime.PlatformSpecRunner.invoke(PlatformSpecRunner.java:392)
	at org.spockframework.runtime.PlatformSpecRunner.runFeature(PlatformSpecRunner.java:194)
	at org.spockframework.runtime.FeatureNode.around(FeatureNode.java:29)
	at org.spockframework.runtime.SimpleFeatureNode.around(SimpleFeatureNode.java:52)
	at org.spockframework.runtime.SimpleFeatureNode.around(SimpleFeatureNode.java:15)
	at org.junit.platform.engine.support.hierarchical.NodeTestTask.lambda$executeRecursively$8(NodeTestTask.java:127)
	at org.junit.platform.engine.support.hierarchical.ThrowableCollector.execute(ThrowableCollector.java:73)
	at org.junit.platform.engine.support.hierarchical.NodeTestTask.executeRecursively(NodeTestTask.java:126)
	at org.junit.platform.engine.support.hierarchical.NodeTestTask.execute(NodeTestTask.java:84)
	at java.util.ArrayList.forEach(ArrayList.java:1257)
	at org.junit.platform.engine.support.hierarchical.SameThreadHierarchicalTestExecutorService.invokeAll(SameThreadHierarchicalTestExecutorService.java:38)
	at org.junit.platform.engine.support.hierarchical.NodeTestTask.lambda$executeRecursively$5(NodeTestTask.java:143)
	at org.junit.platform.engine.support.hierarchical.ThrowableCollector.execute(ThrowableCollector.java:73)
	at org.junit.platform.engine.support.hierarchical.NodeTestTask.lambda$executeRecursively$7(NodeTestTask.java:129)
	at org.spockframework.runtime.SpockNode.sneakyInvoke(SpockNode.java:40)
	at org.spockframework.runtime.SpecNode.lambda$around$0(SpecNode.java:63)
	at org.spockframework.runtime.PlatformSpecRunner.lambda$createMethodInfoForDoRunSpec$0(PlatformSpecRunner.java:61)
	at org.spockframework.runtime.model.MethodInfo.invoke(MethodInfo.java:148)
	at org.spockframework.runtime.PlatformSpecRunner.invokeRaw(PlatformSpecRunner.java:409)
	at org.spockframework.runtime.PlatformSpecRunner.invoke(PlatformSpecRunner.java:392)
	at org.spockframework.runtime.PlatformSpecRunner.runSpec(PlatformSpecRunner.java:55)
	at org.spockframework.runtime.SpecNode.around(SpecNode.java:63)
	at org.spockframework.runtime.SpecNode.around(SpecNode.java:11)
	at org.junit.platform.engine.support.hierarchical.NodeTestTask.lambda$executeRecursively$8(NodeTestTask.java:127)
	at org.junit.platform.engine.support.hierarchical.ThrowableCollector.execute(ThrowableCollector.java:73)
	at org.junit.platform.engine.support.hierarchical.NodeTestTask.executeRecursively(NodeTestTask.java:126)
	at org.junit.platform.engine.support.hierarchical.NodeTestTask.execute(NodeTestTask.java:84)
	at java.util.ArrayList.forEach(ArrayList.java:1257)
	at org.junit.platform.engine.support.hierarchical.SameThreadHierarchicalTestExecutorService.invokeAll(SameThreadHierarchicalTestExecutorService.java:38)
	at org.junit.platform.engine.support.hierarchical.NodeTestTask.lambda$executeRecursively$5(NodeTestTask.java:143)
	at org.junit.platform.engine.support.hierarchical.ThrowableCollector.execute(ThrowableCollector.java:73)
	at org.junit.platform.engine.support.hierarchical.NodeTestTask.lambda$executeRecursively$7(NodeTestTask.java:129)
	at org.junit.platform.engine.support.hierarchical.Node.around(Node.java:137)
	at org.junit.platform.engine.support.hierarchical.NodeTestTask.lambda$executeRecursively$8(NodeTestTask.java:127)
	at org.junit.platform.engine.support.hierarchical.ThrowableCollector.execute(ThrowableCollector.java:73)
	at org.junit.platform.engine.support.hierarchical.NodeTestTask.executeRecursively(NodeTestTask.java:126)
	at org.junit.platform.engine.support.hierarchical.NodeTestTask.execute(NodeTestTask.java:84)
	at org.junit.platform.engine.support.hierarchical.SameThreadHierarchicalTestExecutorService.submit(SameThreadHierarchicalTestExecutorService.java:32)
	at org.junit.platform.engine.support.hierarchical.HierarchicalTestExecutor.execute(HierarchicalTestExecutor.java:57)
	at org.junit.platform.engine.support.hierarchical.HierarchicalTestEngine.execute(HierarchicalTestEngine.java:51)
	at org.junit.platform.launcher.core.EngineExecutionOrchestrator.execute(EngineExecutionOrchestrator.java:108)
	at org.junit.platform.launcher.core.EngineExecutionOrchestrator.execute(EngineExecutionOrchestrator.java:88)
	at org.junit.platform.launcher.core.EngineExecutionOrchestrator.lambda$execute$0(EngineExecutionOrchestrator.java:54)
	at org.junit.platform.launcher.core.EngineExecutionOrchestrator.withInterceptedStreams(EngineExecutionOrchestrator.java:67)
	at org.junit.platform.launcher.core.EngineExecutionOrchestrator.execute(EngineExecutionOrchestrator.java:52)
	at org.junit.platform.launcher.core.DefaultLauncher.execute(DefaultLauncher.java:96)
	at org.junit.platform.launcher.core.DefaultLauncher.execute(DefaultLauncher.java:75)
	at org.gradle.api.internal.tasks.testing.junitplatform.JUnitPlatformTestClassProcessor$CollectAllTestClassesExecutor.processAllTestClasses(JUnitPlatformTestClassProcessor.java:99)
	at org.gradle.api.internal.tasks.testing.junitplatform.JUnitPlatformTestClassProcessor$CollectAllTestClassesExecutor.access$000(JUnitPlatformTestClassProcessor.java:79)
	at org.gradle.api.internal.tasks.testing.junitplatform.JUnitPlatformTestClassProcessor.stop(JUnitPlatformTestClassProcessor.java:75)
	at org.gradle.api.internal.tasks.testing.SuiteTestClassProcessor.stop(SuiteTestClassProcessor.java:61)
	at sun.reflect.NativeMethodAccessorImpl.invoke0(Native Method)
	at sun.reflect.NativeMethodAccessorImpl.invoke(NativeMethodAccessorImpl.java:62)
	at sun.reflect.DelegatingMethodAccessorImpl.invoke(DelegatingMethodAccessorImpl.java:43)
	at java.lang.reflect.Method.invoke(Method.java:498)
	at org.gradle.internal.dispatch.ReflectionDispatch.dispatch(ReflectionDispatch.java:36)
	at org.gradle.internal.dispatch.ReflectionDispatch.dispatch(ReflectionDispatch.java:24)
	at org.gradle.internal.dispatch.ContextClassLoaderDispatch.dispatch(ContextClassLoaderDispatch.java:33)
	at org.gradle.internal.dispatch.ProxyDispatchAdapter$DispatchingInvocationHandler.invoke(ProxyDispatchAdapter.java:94)
	at com.sun.proxy.$Proxy2.stop(Unknown Source)
	at org.gradle.api.internal.tasks.testing.worker.TestWorker$3.run(TestWorker.java:193)
	at org.gradle.api.internal.tasks.testing.worker.TestWorker.executeAndMaintainThreadName(TestWorker.java:129)
	at org.gradle.api.internal.tasks.testing.worker.TestWorker.execute(TestWorker.java:100)
	at org.gradle.api.internal.tasks.testing.worker.TestWorker.execute(TestWorker.java:60)
	at org.gradle.process.internal.worker.child.ActionExecutionWorker.execute(ActionExecutionWorker.java:56)
	at org.gradle.process.internal.worker.child.SystemApplicationClassLoaderWorker.call(SystemApplicationClassLoaderWorker.java:133)
	at org.gradle.process.internal.worker.child.SystemApplicationClassLoaderWorker.call(SystemApplicationClassLoaderWorker.java:71)
	at worker.org.gradle.process.internal.worker.GradleWorkerMain.run(GradleWorkerMain.java:69)
	at worker.org.gradle.process.internal.worker.GradleWorkerMain.main(GradleWorkerMain.java:74)
]]></system-err>
</testsuite>
